<?xml version="1.0" encoding="UTF-8" ?>
<testsuite tests="6" failures="6" name="OrderRepoTest" time="0.001" errors="0" skipped="0">
  <properties>
    <property name="idea.version" value="2022.3.3"/>
    <property name="java.runtime.name" value="Java(TM) SE Runtime Environment"/>
    <property name="java.vm.version" value="17.0.2+8-LTS-86"/>
    <property name="sun.boot.library.path" value="C:\Program Files\Java\jdk-17.0.2\bin"/>
    <property name="maven.multiModuleProjectDirectory" value="D:\JAVA\ProductManagement"/>
    <property name="java.vm.vendor" value="Oracle Corporation"/>
    <property name="java.vendor.url" value="https://java.oracle.com/"/>
    <property name="guice.disable.misplaced.annotation.check" value="true"/>
    <property name="path.separator" value=";"/>
    <property name="java.vm.name" value="Java HotSpot(TM) 64-Bit Server VM"/>
    <property name="sun.os.patch.level" value=""/>
    <property name="user.script" value=""/>
    <property name="user.country" value="IN"/>
    <property name="sun.java.launcher" value="SUN_STANDARD"/>
    <property name="java.vm.specification.name" value="Java Virtual Machine Specification"/>
    <property name="user.dir" value="D:\JAVA\ProductManagement"/>
    <property name="java.vm.compressedOopsMode" value="Zero based"/>
    <property name="java.runtime.version" value="17.0.2+8-LTS-86"/>
    <property name="os.arch" value="amd64"/>
    <property name="java.io.tmpdir" value="C:\Users\loveg\AppData\Local\Temp\"/>
    <property name="line.separator" value="
"/>
    <property name="java.vm.specification.vendor" value="Oracle Corporation"/>
    <property name="user.variant" value=""/>
    <property name="os.name" value="Windows 11"/>
    <property name="maven.ext.class.path" value="C:\Program Files\JetBrains\IntelliJ IDEA Community Edition 2022.3\plugins\maven\lib\maven-event-listener.jar"/>
    <property name="classworlds.conf" value="C:\Program Files\JetBrains\IntelliJ IDEA Community Edition 2022.3\plugins\maven\lib\maven3\bin\m2.conf"/>
    <property name="sun.jnu.encoding" value="Cp1252"/>
    <property name="java.library.path" value="C:\Program Files\Java\jdk-17.0.2\bin;C:\WINDOWS\Sun\Java\bin;C:\WINDOWS\system32;C:\WINDOWS;C:\Program Files\Common Files\Oracle\Java\javapath;C:\Program Files\Microsoft MPI\Bin\;C:\windows\system32;C:\windows;C:\windows\System32\Wbem;C:\windows\System32\WindowsPowerShell\v1.0\;C:\windows\System32\OpenSSH\;C:\Program Files\NVIDIA Corporation\NVIDIA NvDLISR;C:\Program Files\Microsoft SQL Server\Client SDK\ODBC\110\Tools\Binn\;C:\Program Files (x86)\Microsoft SQL Server\120\Tools\Binn\;C:\Program Files\Microsoft SQL Server\120\Tools\Binn\;C:\Program Files\Microsoft SQL Server\120\DTS\Binn\;C:\Program Files (x86)\Windows Kits\8.1\Windows Performance Toolkit\;C:\ProgramData\Anaconda3\Library;C:\ProgramData\Anaconda3\Library\Scripts;C:\ProgramData\Anaconda3\Library\Library\bin;C:\Anaconda2;C:\Anaconda2\Scripts;C:\Anaconda2\Library\bin;C:\TDM-GCC-64\bin;C:\WINDOWS\system32;C:\WINDOWS;C:\WINDOWS\System32\Wbem;C:\WINDOWS\System32\WindowsPowerShell\v1.0\;C:\WINDOWS\System32\OpenSSH\;C:\Users\loveg\Downloads\Programs\opencv\build\x64\vc15\bin;C:\Program Files\dotnet\;C:\WINDOWS\system32;C:\WINDOWS;C:\WINDOWS\System32\Wbem;C:\WINDOWS\System32\WindowsPowerShell\v1.0\;C:\WINDOWS\System32\OpenSSH\;C:\HashiCorp\Vagrant\bin;C:\Program Files\nodejs\;C:\Program Files\Docker\Docker\resources\bin;C:\Program Files\Git\cmd;C:\Program Files\HP\HP One Agent;C:\Users\loveg\AppData\Local\Programs\Python\Python38-32\Scripts\;C:\Users\loveg\AppData\Local\Programs\Python\Python38-32\;C:\Program Files\MySQL\MySQL Shell 8.0\bin\;C:\Users\loveg\AppData\Local\Microsoft\WindowsApps;C:\Users\loveg\AppData\Local\Programs\Microsoft VS Code\bin;C:\Program Files\heroku\bin;C:\Users\loveg\.dotnet\tools;C:\Program Files\JetBrains\IntelliJ IDEA Community Edition 2021.3.2\bin;C:\Users\loveg\Downloads\Programs\opencv\build\x64\vc15\bin;C:\Program Files\Java\jdk-17.0.2\bin;C:\Users\loveg\AppData\Local\GitHubDesktop\bin;C:\Users\loveg\AppData\Roaming\npm;%USERPROFILE%\AppData\Local\Microsoft\WindowsApps;;."/>
    <property name="jansi.passthrough" value="true"/>
    <property name="maven.conf" value="C:\Program Files\JetBrains\IntelliJ IDEA Community Edition 2022.3\plugins\maven\lib\maven3/conf"/>
    <property name="jdk.debug" value="release"/>
    <property name="java.class.version" value="61.0"/>
    <property name="java.specification.name" value="Java Platform API Specification"/>
    <property name="sun.management.compiler" value="HotSpot 64-Bit Tiered Compilers"/>
    <property name="os.version" value="10.0"/>
    <property name="user.home" value="C:\Users\loveg"/>
    <property name="user.timezone" value="Asia/Katmandu"/>
    <property name="file.encoding" value="UTF-8"/>
    <property name="java.specification.version" value="17"/>
    <property name="user.name" value="loveg"/>
    <property name="java.class.path" value="C:\Program Files\JetBrains\IntelliJ IDEA Community Edition 2022.3\plugins\maven\lib\maven3\boot\plexus-classworlds-2.6.0.jar;C:\Program Files\JetBrains\IntelliJ IDEA Community Edition 2022.3\plugins\maven\lib\maven3\boot\plexus-classworlds.license"/>
    <property name="java.vm.specification.version" value="17"/>
    <property name="sun.arch.data.model" value="64"/>
    <property name="sun.java.command" value="org.codehaus.classworlds.Launcher -Didea.version=2022.3.3 install"/>
    <property name="java.home" value="C:\Program Files\Java\jdk-17.0.2"/>
    <property name="user.language" value="en"/>
    <property name="java.specification.vendor" value="Oracle Corporation"/>
    <property name="java.vm.info" value="mixed mode, sharing"/>
    <property name="java.version" value="17.0.2"/>
    <property name="native.encoding" value="Cp1252"/>
    <property name="java.vendor" value="Oracle Corporation"/>
    <property name="maven.home" value="C:\Program Files\JetBrains\IntelliJ IDEA Community Edition 2022.3\plugins\maven\lib\maven3"/>
    <property name="file.separator" value="\"/>
    <property name="java.version.date" value="2022-01-18"/>
    <property name="java.vendor.url.bug" value="https://bugreport.java.com/bugreport/"/>
    <property name="sun.io.unicode.encoding" value="UnicodeLittle"/>
    <property name="sun.cpu.endian" value="little"/>
    <property name="sun.cpu.isalist" value="amd64"/>
  </properties>
  <testcase classname="OrderRepoTest" name="OrderRepoTest.testUpdateOrder" time="0">
    <failure message="Cannot invoke &quot;org.lg.Repository.OrderRepo.findByOrderId(String)&quot; because &quot;OrderRepoTest.orderRepo&quot; is null" type="java.lang.NullPointerException">java.lang.NullPointerException: Cannot invoke &quot;org.lg.Repository.OrderRepo.findByOrderId(String)&quot; because &quot;OrderRepoTest.orderRepo&quot; is null
	at OrderRepoTest.testUpdateOrder(OrderRepoTest.java:82)
</failure>
  </testcase>
  <testcase classname="OrderRepoTest" name="OrderRepoTest.testDeleteOrder" time="0">
    <failure message="Cannot invoke &quot;org.lg.Repository.OrderRepo.deleteOrder(String)&quot; because &quot;OrderRepoTest.orderRepo&quot; is null" type="java.lang.NullPointerException">java.lang.NullPointerException: Cannot invoke &quot;org.lg.Repository.OrderRepo.deleteOrder(String)&quot; because &quot;OrderRepoTest.orderRepo&quot; is null
	at OrderRepoTest.testDeleteOrder(OrderRepoTest.java:93)
</failure>
  </testcase>
  <testcase classname="OrderRepoTest" name="OrderRepoTest.testGetAllOrder" time="0">
    <failure message="Cannot invoke &quot;org.lg.Repository.OrderRepo.getAllOrder()&quot; because &quot;OrderRepoTest.orderRepo&quot; is null" type="java.lang.NullPointerException">java.lang.NullPointerException: Cannot invoke &quot;org.lg.Repository.OrderRepo.getAllOrder()&quot; because &quot;OrderRepoTest.orderRepo&quot; is null
	at OrderRepoTest.testGetAllOrder(OrderRepoTest.java:64)
</failure>
  </testcase>
  <testcase classname="OrderRepoTest" name="OrderRepoTest.testFindByOrderId" time="0">
    <failure message="Cannot invoke &quot;org.lg.Repository.OrderRepo.findByOrderId(String)&quot; because &quot;OrderRepoTest.orderRepo&quot; is null" type="java.lang.NullPointerException">java.lang.NullPointerException: Cannot invoke &quot;org.lg.Repository.OrderRepo.findByOrderId(String)&quot; because &quot;OrderRepoTest.orderRepo&quot; is null
	at OrderRepoTest.testFindByOrderId(OrderRepoTest.java:55)
</failure>
  </testcase>
  <testcase classname="OrderRepoTest" name="OrderRepoTest.testDoCheckOut" time="0.001">
    <failure message="Cannot invoke &quot;org.lg.Repository.ClientRepo.addClient(org.lg.Model.Client)&quot; because &quot;OrderRepoTest.clientRepo&quot; is null" type="java.lang.NullPointerException">java.lang.NullPointerException: Cannot invoke &quot;org.lg.Repository.ClientRepo.addClient(org.lg.Model.Client)&quot; because &quot;OrderRepoTest.clientRepo&quot; is null
	at OrderRepoTest.testDoCheckOut(OrderRepoTest.java:32)
</failure>
  </testcase>
  <testcase classname="OrderRepoTest" name="OrderRepoTest.testIsAbleToCheckOut" time="0">
    <failure message="Cannot invoke &quot;org.lg.Repository.OrderRepo.findByOrderId(String)&quot; because &quot;OrderRepoTest.orderRepo&quot; is null" type="java.lang.NullPointerException">java.lang.NullPointerException: Cannot invoke &quot;org.lg.Repository.OrderRepo.findByOrderId(String)&quot; because &quot;OrderRepoTest.orderRepo&quot; is null
	at OrderRepoTest.testIsAbleToCheckOut(OrderRepoTest.java:72)
</failure>
  </testcase>
</testsuite>